2023-03-02 05:08:12 | ERROR | Erro ao listar os arquivos de logs de API. res.render is not a function
2023-03-02 07:02:42 | ERROR | Erro ao listar os arquivos de logs de API. res.render is not a function
2023-03-02 07:03:54 | ERROR | Erro ao listar os arquivos de logs de API. res.render is not a function
2023-03-02 07:03:58 | ERROR | Http server error - Received kill signal, shutting down gracefully (SHUTDOWN)
2023-03-02 07:03:59 | ERROR | Http server error - Closed out remaining connections (SHUTDOWN)
2023-03-02 07:04:20 | ERROR | Erro ao listar os arquivos de logs de API. res.render is not a function
2023-03-02 07:05:07 | ERROR | uncaughtException: ⨯ Unable to compile TypeScript:
[96msrc/app/controllers/logs.ts[0m:[93m17[0m:[93m76[0m - [91merror[0m[90m TS2304: [0mCannot find name 'err'.

[7m17[0m                 logger.error(`Erro ao listar os arquivos de logs de API. ${err.message}`);
[7m  [0m [91m                                                                           ~~~[0m
[96msrc/app/controllers/logs.ts[0m:[93m20[0m:[93m17[0m - [91merror[0m[90m TS7006: [0mParameter 'err' implicitly has an 'any' type.

[7m20[0m         .catch((err) => next(err));
[7m  [0m [91m                ~~~[0m
[96msrc/app/controllers/logs.ts[0m:[93m20[0m:[93m25[0m - [91merror[0m[90m TS2304: [0mCannot find name 'next'.

[7m20[0m         .catch((err) => next(err));
[7m  [0m [91m                        ~~~~[0m
[96msrc/app/controllers/logs.ts[0m:[93m16[0m:[93m29[0m - [91merror[0m[90m TS1135: [0mArgument expression expected.

[7m16[0m                 console.log(catch)
[7m  [0m [91m                            ~~~~~[0m
[96msrc/app/controllers/logs.ts[0m:[93m16[0m:[93m34[0m - [91merror[0m[90m TS1005: [0m'{' expected.

[7m16[0m                 console.log(catch)
[7m  [0m [91m                                 ~[0m
[96msrc/app/controllers/logs.ts[0m:[93m19[0m:[93m9[0m - [91merror[0m[90m TS1128: [0mDeclaration or statement expected.

[7m19[0m         })
[7m  [0m [91m        ~[0m
[96msrc/app/controllers/logs.ts[0m:[93m19[0m:[93m10[0m - [91merror[0m[90m TS1128: [0mDeclaration or statement expected.

[7m19[0m         })
[7m  [0m [91m         ~[0m
[96msrc/app/controllers/logs.ts[0m:[93m20[0m:[93m9[0m - [91merror[0m[90m TS1128: [0mDeclaration or statement expected.

[7m20[0m         .catch((err) => next(err));
[7m  [0m [91m        ~[0m
[96msrc/app/controllers/logs.ts[0m:[93m20[0m:[93m10[0m - [91merror[0m[90m TS1005: [0m'try' expected.

[7m20[0m         .catch((err) => next(err));
[7m  [0m [91m         ~~~~~[0m
[96msrc/app/controllers/logs.ts[0m:[93m20[0m:[93m16[0m - [91merror[0m[90m TS1003: [0mIdentifier expected.

[7m20[0m         .catch((err) => next(err));
[7m  [0m [91m               ~[0m
[96msrc/app/controllers/logs.ts[0m:[93m20[0m:[93m34[0m - [91merror[0m[90m TS1005: [0m';' expected.

[7m20[0m         .catch((err) => next(err));
[7m  [0m [91m                                 ~[0m
[96msrc/app/controllers/logs.ts[0m:[93m21[0m:[93m1[0m - [91merror[0m[90m TS1128: [0mDeclaration or statement expected.

[7m21[0m };
[7m  [0m [91m~[0m

TSError: ⨯ Unable to compile TypeScript:
[96msrc/app/controllers/logs.ts[0m:[93m17[0m:[93m76[0m - [91merror[0m[90m TS2304: [0mCannot find name 'err'.

[7m17[0m                 logger.error(`Erro ao listar os arquivos de logs de API. ${err.message}`);
[7m  [0m [91m                                                                           ~~~[0m
[96msrc/app/controllers/logs.ts[0m:[93m20[0m:[93m17[0m - [91merror[0m[90m TS7006: [0mParameter 'err' implicitly has an 'any' type.

[7m20[0m         .catch((err) => next(err));
[7m  [0m [91m                ~~~[0m
[96msrc/app/controllers/logs.ts[0m:[93m20[0m:[93m25[0m - [91merror[0m[90m TS2304: [0mCannot find name 'next'.

[7m20[0m         .catch((err) => next(err));
[7m  [0m [91m                        ~~~~[0m
[96msrc/app/controllers/logs.ts[0m:[93m16[0m:[93m29[0m - [91merror[0m[90m TS1135: [0mArgument expression expected.

[7m16[0m                 console.log(catch)
[7m  [0m [91m                            ~~~~~[0m
[96msrc/app/controllers/logs.ts[0m:[93m16[0m:[93m34[0m - [91merror[0m[90m TS1005: [0m'{' expected.

[7m16[0m                 console.log(catch)
[7m  [0m [91m                                 ~[0m
[96msrc/app/controllers/logs.ts[0m:[93m19[0m:[93m9[0m - [91merror[0m[90m TS1128: [0mDeclaration or statement expected.

[7m19[0m         })
[7m  [0m [91m        ~[0m
[96msrc/app/controllers/logs.ts[0m:[93m19[0m:[93m10[0m - [91merror[0m[90m TS1128: [0mDeclaration or statement expected.

[7m19[0m         })
[7m  [0m [91m         ~[0m
[96msrc/app/controllers/logs.ts[0m:[93m20[0m:[93m9[0m - [91merror[0m[90m TS1128: [0mDeclaration or statement expected.

[7m20[0m         .catch((err) => next(err));
[7m  [0m [91m        ~[0m
[96msrc/app/controllers/logs.ts[0m:[93m20[0m:[93m10[0m - [91merror[0m[90m TS1005: [0m'try' expected.

[7m20[0m         .catch((err) => next(err));
[7m  [0m [91m         ~~~~~[0m
[96msrc/app/controllers/logs.ts[0m:[93m20[0m:[93m16[0m - [91merror[0m[90m TS1003: [0mIdentifier expected.

[7m20[0m         .catch((err) => next(err));
[7m  [0m [91m               ~[0m
[96msrc/app/controllers/logs.ts[0m:[93m20[0m:[93m34[0m - [91merror[0m[90m TS1005: [0m';' expected.

[7m20[0m         .catch((err) => next(err));
[7m  [0m [91m                                 ~[0m
[96msrc/app/controllers/logs.ts[0m:[93m21[0m:[93m1[0m - [91merror[0m[90m TS1128: [0mDeclaration or statement expected.

[7m21[0m };
[7m  [0m [91m~[0m

    at createTSError (C:\Users\Vincent Jean\Documents\NodeJs\api-melibee-v3\node_modules\ts-node\src\index.ts:859:12)
    at reportTSError (C:\Users\Vincent Jean\Documents\NodeJs\api-melibee-v3\node_modules\ts-node\src\index.ts:863:19)
    at getOutput (C:\Users\Vincent Jean\Documents\NodeJs\api-melibee-v3\node_modules\ts-node\src\index.ts:1077:36)
    at Object.compile (C:\Users\Vincent Jean\Documents\NodeJs\api-melibee-v3\node_modules\ts-node\src\index.ts:1433:41)
    at Module.m._compile (C:\Users\Vincent Jean\Documents\NodeJs\api-melibee-v3\node_modules\ts-node\src\index.ts:1617:30)
    at Module._extensions..js (node:internal/modules/cjs/loader:1280:10)
    at Object.require.extensions.<computed> [as .ts] (C:\Users\Vincent Jean\Documents\NodeJs\api-melibee-v3\node_modules\ts-node\src\index.ts:1621:12)
    at Module.load (node:internal/modules/cjs/loader:1089:32)
    at Function.Module._load (node:internal/modules/cjs/loader:930:12)
    at Module.require (node:internal/modules/cjs/loader:1113:19)
2023-03-02 07:05:15 | ERROR | Erro ao listar os arquivos de logs de API. res.render is not a function
2023-03-02 07:06:00 | ERROR | Http server error - Received kill signal, shutting down gracefully (SHUTDOWN)
2023-03-02 07:06:01 | ERROR | Http server error - Closed out remaining connections (SHUTDOWN)
2023-03-02 07:06:24 | ERROR | Erro ao listar os arquivos de logs de API. res.render is not a function
2023-03-02 07:09:01 | ERROR | Erro ao listar os arquivos de logs de API. res.status is not a function
2023-03-02 07:10:25 | ERROR | Erro ao listar os arquivos de logs de API. res.status is not a function
2023-03-02 07:13:06 | ERROR | Erro ao apresentar informações de API. res.status is not a function
2023-03-02 07:13:35 | ERROR | Erro ao apresentar informações de API. res.status is not a function
2023-03-02 07:14:00 | ERROR | Erro ao apresentar informações de API. res.status is not a function
2023-03-02 07:22:47 | ERROR | Http server error - Received kill signal, shutting down gracefully (SHUTDOWN)
2023-03-02 07:38:43 | ERROR | Http server error - Received kill signal, shutting down gracefully (SHUTDOWN)
2023-03-02 14:24:22 | ERROR | Http server error - Received kill signal, shutting down gracefully (SHUTDOWN)
2023-03-02 16:59:53 | ERROR | uncaughtException: ⨯ Unable to compile TypeScript:
[96msrc/app/presenters/logs/_index.ts[0m:[93m1[0m:[93m20[0m - [91merror[0m[90m TS2307: [0mCannot find module './_listar' or its corresponding type declarations.

[7m1[0m import listar from './_listar';
[7m [0m [91m                   ~~~~~~~~~~~[0m

TSError: ⨯ Unable to compile TypeScript:
[96msrc/app/presenters/logs/_index.ts[0m:[93m1[0m:[93m20[0m - [91merror[0m[90m TS2307: [0mCannot find module './_listar' or its corresponding type declarations.

[7m1[0m import listar from './_listar';
[7m [0m [91m                   ~~~~~~~~~~~[0m

    at createTSError (C:\Users\Vincent Jean\Documents\NodeJs\api-melibee-v3\node_modules\ts-node\src\index.ts:859:12)
    at reportTSError (C:\Users\Vincent Jean\Documents\NodeJs\api-melibee-v3\node_modules\ts-node\src\index.ts:863:19)
    at getOutput (C:\Users\Vincent Jean\Documents\NodeJs\api-melibee-v3\node_modules\ts-node\src\index.ts:1077:36)
    at Object.compile (C:\Users\Vincent Jean\Documents\NodeJs\api-melibee-v3\node_modules\ts-node\src\index.ts:1433:41)
    at Module.m._compile (C:\Users\Vincent Jean\Documents\NodeJs\api-melibee-v3\node_modules\ts-node\src\index.ts:1617:30)
    at Module._extensions..js (node:internal/modules/cjs/loader:1280:10)
    at Object.require.extensions.<computed> [as .ts] (C:\Users\Vincent Jean\Documents\NodeJs\api-melibee-v3\node_modules\ts-node\src\index.ts:1621:12)
    at Module.load (node:internal/modules/cjs/loader:1089:32)
    at Function.Module._load (node:internal/modules/cjs/loader:930:12)
    at Module.require (node:internal/modules/cjs/loader:1113:19)
