2023-03-03 20:04:29 | ERROR | uncaughtException: тип Unable to compile TypeScript:
[96msrc/app/presenters/logs/_index.ts[0m:[93m1[0m:[93m20[0m - [91merror[0m[90m TS2307: [0mCannot find module './_listar' or its corresponding type declarations.

[7m1[0m import listar from './_listar';
[7m [0m [91m                   ~~~~~~~~~~~[0m

TSError: тип Unable to compile TypeScript:
[96msrc/app/presenters/logs/_index.ts[0m:[93m1[0m:[93m20[0m - [91merror[0m[90m TS2307: [0mCannot find module './_listar' or its corresponding type declarations.

[7m1[0m import listar from './_listar';
[7m [0m [91m                   ~~~~~~~~~~~[0m

    at createTSError (C:\Users\Vincent Jean\Documents\NodeJs\api-melibee-v3\node_modules\ts-node\src\index.ts:859:12)
    at reportTSError (C:\Users\Vincent Jean\Documents\NodeJs\api-melibee-v3\node_modules\ts-node\src\index.ts:863:19)
    at getOutput (C:\Users\Vincent Jean\Documents\NodeJs\api-melibee-v3\node_modules\ts-node\src\index.ts:1077:36)
    at Object.compile (C:\Users\Vincent Jean\Documents\NodeJs\api-melibee-v3\node_modules\ts-node\src\index.ts:1433:41)
    at Module.m._compile (C:\Users\Vincent Jean\Documents\NodeJs\api-melibee-v3\node_modules\ts-node\src\index.ts:1617:30)
    at Module._extensions..js (node:internal/modules/cjs/loader:1280:10)
    at Object.require.extensions.<computed> [as .ts] (C:\Users\Vincent Jean\Documents\NodeJs\api-melibee-v3\node_modules\ts-node\src\index.ts:1621:12)
    at Module.load (node:internal/modules/cjs/loader:1089:32)
    at Function.Module._load (node:internal/modules/cjs/loader:930:12)
    at Module.require (node:internal/modules/cjs/loader:1113:19)
2023-03-03 20:37:13 | ERROR | uncaughtException: тип Unable to compile TypeScript:
[96msrc/config/database/config_database.ts[0m:[93m74[0m:[93m13[0m - [91merror[0m[90m TS2741: [0mProperty 'ssl' is missing in type '{}' but required in type '{ ssl: { require: boolean; rejectUnauthorized: boolean; }; }'.

[7m74[0m             dialectOptions: {},
[7m  [0m [91m            ~~~~~~~~~~~~~~[0m

  [96msrc/config/database/types.ts[0m:[93m19[0m:[93m9[0m
    [7m19[0m         ssl: {
    [7m  [0m [96m        ~~~[0m
    'ssl' is declared here.
  [96msrc/config/database/types.ts[0m:[93m18[0m:[93m5[0m
    [7m18[0m     dialectOptions?: {
    [7m  [0m [96m    ~~~~~~~~~~~~~~[0m
    The expected type comes from property 'dialectOptions' which is declared here on type 'IPostgres'

TSError: тип Unable to compile TypeScript:
[96msrc/config/database/config_database.ts[0m:[93m74[0m:[93m13[0m - [91merror[0m[90m TS2741: [0mProperty 'ssl' is missing in type '{}' but required in type '{ ssl: { require: boolean; rejectUnauthorized: boolean; }; }'.

[7m74[0m             dialectOptions: {},
[7m  [0m [91m            ~~~~~~~~~~~~~~[0m

  [96msrc/config/database/types.ts[0m:[93m19[0m:[93m9[0m
    [7m19[0m         ssl: {
    [7m  [0m [96m        ~~~[0m
    'ssl' is declared here.
  [96msrc/config/database/types.ts[0m:[93m18[0m:[93m5[0m
    [7m18[0m     dialectOptions?: {
    [7m  [0m [96m    ~~~~~~~~~~~~~~[0m
    The expected type comes from property 'dialectOptions' which is declared here on type 'IPostgres'

    at createTSError (C:\Users\Vincent Jean\Documents\NodeJs\api-melibee-v3\node_modules\ts-node\src\index.ts:859:12)
    at reportTSError (C:\Users\Vincent Jean\Documents\NodeJs\api-melibee-v3\node_modules\ts-node\src\index.ts:863:19)
    at getOutput (C:\Users\Vincent Jean\Documents\NodeJs\api-melibee-v3\node_modules\ts-node\src\index.ts:1077:36)
    at Object.compile (C:\Users\Vincent Jean\Documents\NodeJs\api-melibee-v3\node_modules\ts-node\src\index.ts:1433:41)
    at Module.m._compile (C:\Users\Vincent Jean\Documents\NodeJs\api-melibee-v3\node_modules\ts-node\src\index.ts:1617:30)
    at Module._extensions..js (node:internal/modules/cjs/loader:1280:10)
    at Object.require.extensions.<computed> [as .ts] (C:\Users\Vincent Jean\Documents\NodeJs\api-melibee-v3\node_modules\ts-node\src\index.ts:1621:12)
    at Module.load (node:internal/modules/cjs/loader:1089:32)
    at Function.Module._load (node:internal/modules/cjs/loader:930:12)
    at Module.require (node:internal/modules/cjs/loader:1113:19)
2023-03-03 20:37:37 | ERROR | Http server error - Received kill signal, shutting down gracefully (SHUTDOWN)
2023-03-03 20:40:14 | ERROR | uncaughtException: тип Unable to compile TypeScript:
[96msrc/database/sqlz/sequelize.ts[0m:[93m33[0m:[93m5[0m - [91merror[0m[90m TS2304: [0mCannot find name 'logger'.

[7m33[0m     logger.info(`Api status: Ready (listening on ${host}:${port})`);
[7m  [0m [91m    ~~~~~~[0m

TSError: тип Unable to compile TypeScript:
[96msrc/database/sqlz/sequelize.ts[0m:[93m33[0m:[93m5[0m - [91merror[0m[90m TS2304: [0mCannot find name 'logger'.

[7m33[0m     logger.info(`Api status: Ready (listening on ${host}:${port})`);
[7m  [0m [91m    ~~~~~~[0m

    at createTSError (C:\Users\Vincent Jean\Documents\NodeJs\api-melibee-v3\node_modules\ts-node\src\index.ts:859:12)
    at reportTSError (C:\Users\Vincent Jean\Documents\NodeJs\api-melibee-v3\node_modules\ts-node\src\index.ts:863:19)
    at getOutput (C:\Users\Vincent Jean\Documents\NodeJs\api-melibee-v3\node_modules\ts-node\src\index.ts:1077:36)
    at Object.compile (C:\Users\Vincent Jean\Documents\NodeJs\api-melibee-v3\node_modules\ts-node\src\index.ts:1433:41)
    at Module.m._compile (C:\Users\Vincent Jean\Documents\NodeJs\api-melibee-v3\node_modules\ts-node\src\index.ts:1617:30)
    at Module._extensions..js (node:internal/modules/cjs/loader:1280:10)
    at Object.require.extensions.<computed> [as .ts] (C:\Users\Vincent Jean\Documents\NodeJs\api-melibee-v3\node_modules\ts-node\src\index.ts:1621:12)
    at Module.load (node:internal/modules/cjs/loader:1089:32)
    at Function.Module._load (node:internal/modules/cjs/loader:930:12)
    at Module.require (node:internal/modules/cjs/loader:1113:19)
2023-03-03 20:40:25 | ERROR | uncaughtException: тип Unable to compile TypeScript:
[96msrc/database/sqlz/sequelize.ts[0m:[93m33[0m:[93m5[0m - [91merror[0m[90m TS2304: [0mCannot find name 'logger'.

[7m33[0m     logger.info(`Api status: Ready (listening on ${host}:${port})`);
[7m  [0m [91m    ~~~~~~[0m

TSError: тип Unable to compile TypeScript:
[96msrc/database/sqlz/sequelize.ts[0m:[93m33[0m:[93m5[0m - [91merror[0m[90m TS2304: [0mCannot find name 'logger'.

[7m33[0m     logger.info(`Api status: Ready (listening on ${host}:${port})`);
[7m  [0m [91m    ~~~~~~[0m

    at createTSError (C:\Users\Vincent Jean\Documents\NodeJs\api-melibee-v3\node_modules\ts-node\src\index.ts:859:12)
    at reportTSError (C:\Users\Vincent Jean\Documents\NodeJs\api-melibee-v3\node_modules\ts-node\src\index.ts:863:19)
    at getOutput (C:\Users\Vincent Jean\Documents\NodeJs\api-melibee-v3\node_modules\ts-node\src\index.ts:1077:36)
    at Object.compile (C:\Users\Vincent Jean\Documents\NodeJs\api-melibee-v3\node_modules\ts-node\src\index.ts:1433:41)
    at Module.m._compile (C:\Users\Vincent Jean\Documents\NodeJs\api-melibee-v3\node_modules\ts-node\src\index.ts:1617:30)
    at Module._extensions..js (node:internal/modules/cjs/loader:1280:10)
    at Object.require.extensions.<computed> [as .ts] (C:\Users\Vincent Jean\Documents\NodeJs\api-melibee-v3\node_modules\ts-node\src\index.ts:1621:12)
    at Module.load (node:internal/modules/cjs/loader:1089:32)
    at Function.Module._load (node:internal/modules/cjs/loader:930:12)
    at Module.require (node:internal/modules/cjs/loader:1113:19)
2023-03-03 22:13:05 | ERROR | Http server error - Received kill signal, shutting down gracefully (SHUTDOWN)
2023-03-03 22:17:16 | ERROR | Http server error - Received kill signal, shutting down gracefully (SHUTDOWN)
2023-03-03 22:23:40 | ERROR | Http server error - Received kill signal, shutting down gracefully (SHUTDOWN)
2023-03-03 22:25:09 | ERROR | Http server error - Received kill signal, shutting down gracefully (SHUTDOWN)
